
   WARN  Failed to listen on 0.0.0.0:8000 (reason: Address already in use).  

   INFO  Server running on [http://0.0.0.0:8001].  

  Press Ctrl+C to stop the server

  2023-06-04 00:13:16 ................................................... ~ 1s
  2023-06-04 00:13:16 /css/app.css ...................................... ~ 1s
  2023-06-04 00:13:17 /assets/images/cowo.webp .......................... ~ 0s
  2023-06-04 00:13:17 /assets/images/cewe.webp .......................... ~ 0s
  2023-06-04 00:13:17 /assets/images/bg.webp ............................ ~ 0s
  2023-06-04 00:13:17 /js/app.js ........................................ ~ 0s
  2023-06-04 00:13:17 /assets/images/gal2.webp .......................... ~ 0s
  2023-06-04 00:13:17 /assets/images/gal6.webp .......................... ~ 0s
  2023-06-04 00:13:17 /assets/images/gal5.webp .......................... ~ 0s
  2023-06-04 00:13:17 /assets/images/gal4.webp .......................... ~ 1s
  2023-06-04 00:13:17 /assets/images/gal1.webp .......................... ~ 1s
  2023-06-04 00:13:17 /assets/images/gal3.webp .......................... ~ 1s
  2023-06-04 00:13:18 /assets/images/icon-192x192.png ................... ~ 0s
  2023-06-04 00:13:18 /assets/images/bg.webp ............................ ~ 0s
  2023-06-04 00:13:18 /assets/images/icon-192x192.png ................... ~ 0s
  2023-06-04 00:13:31 ................................................... ~ 0s
  2023-06-04 00:13:31 /css/app.css ...................................... ~ 0s
  2023-06-04 00:13:31 /assets/images/cowo.webp .......................... ~ 0s
  2023-06-04 00:13:31 /assets/images/cewe.webp .......................... ~ 0s
  2023-06-04 00:13:31 /js/app.js ........................................ ~ 0s
  2023-06-04 00:13:31 /assets/images/bg.webp ............................ ~ 0s
  2023-06-04 00:13:31 /assets/images/gal4.webp .......................... ~ 0s
  2023-06-04 00:13:31 /assets/images/gal2.webp .......................... ~ 0s
  2023-06-04 00:13:31 /assets/images/gal5.webp .......................... ~ 0s
  2023-06-04 00:13:31 /assets/images/gal3.webp .......................... ~ 0s
  2023-06-04 00:13:32 /assets/images/icon-192x192.png ................... ~ 0s
  2023-06-04 00:13:31 /assets/images/gal1.webp .......................... ~ 1s
  2023-06-04 00:13:31 /assets/images/gal6.webp .......................... ~ 1s
  2023-06-04 00:13:32 /assets/images/icon-192x192.png ................... ~ 0s

   WARN  Failed to listen on 0.0.0.0:8000 (reason: Address already in use).  

   INFO  Server running on [http://0.0.0.0:8001].  

  Press Ctrl+C to stop the server

  2023-06-04 00:14:54 ................................................... ~ 1s
  2023-06-04 00:14:55 /css/app.css ...................................... ~ 0s
  2023-06-04 00:14:56 /js/app.js ........................................ ~ 0s
  2023-06-04 00:14:56 /assets/images/cowo.webp .......................... ~ 0s
  2023-06-04 00:14:56 /assets/images/cewe.webp .......................... ~ 0s
  2023-06-04 00:14:56 /assets/images/bg.webp ............................ ~ 0s
  2023-06-04 00:14:56 /assets/images/gal2.webp .......................... ~ 0s
  2023-06-04 00:14:56 /assets/images/gal4.webp .......................... ~ 0s
  2023-06-04 00:14:56 /assets/images/gal1.webp .......................... ~ 0s
  2023-06-04 00:14:56 /assets/images/gal5.webp .......................... ~ 0s
  2023-06-04 00:14:56 /assets/images/gal6.webp .......................... ~ 0s
  2023-06-04 00:14:56 /assets/images/icon-192x192.png ................... ~ 0s
  2023-06-04 00:14:56 /assets/images/gal3.webp .......................... ~ 0s
  2023-06-04 00:14:56 /assets/images/icon-192x192.png ................... ~ 0s
  2023-06-04 00:14:59 ................................................... ~ 0s
  2023-06-04 00:14:59 /css/app.css ...................................... ~ 0s
  2023-06-04 00:14:59 /assets/images/cowo.webp .......................... ~ 0s
  2023-06-04 00:14:59 /assets/images/cewe.webp .......................... ~ 0s
  2023-06-04 00:14:59 /assets/images/bg.webp ............................ ~ 0s
  2023-06-04 00:14:59 /js/app.js ........................................ ~ 0s
  2023-06-04 00:14:59 /assets/images/gal2.webp .......................... ~ 0s
  2023-06-04 00:14:59 /assets/images/gal1.webp .......................... ~ 0s
  2023-06-04 00:14:59 /assets/images/gal3.webp .......................... ~ 0s
  2023-06-04 00:14:59 /assets/images/gal6.webp .......................... ~ 0s
  2023-06-04 00:14:59 /assets/images/gal5.webp .......................... ~ 0s
  2023-06-04 00:14:59 /assets/images/icon-192x192.png ................... ~ 0s
  2023-06-04 00:14:59 /assets/images/gal4.webp .......................... ~ 0s
  2023-06-04 00:15:00 /assets/images/icon-192x192.png ................... ~ 0s
  2023-06-04 00:15:00 ................................................... ~ 0s
  2023-06-04 00:15:00 /css/app.css ...................................... ~ 0s
  2023-06-04 00:15:00 /assets/images/cowo.webp .......................... ~ 0s
  2023-06-04 00:15:00 /assets/images/cewe.webp .......................... ~ 0s
  2023-06-04 00:15:00 /assets/images/bg.webp ............................ ~ 0s
  2023-06-04 00:15:00 /js/app.js ........................................ ~ 0s
  2023-06-04 00:15:00 /assets/images/gal3.webp .......................... ~ 0s
  2023-06-04 00:15:00 /assets/images/gal1.webp .......................... ~ 0s
  2023-06-04 00:15:00 /assets/images/gal4.webp .......................... ~ 0s
  2023-06-04 00:15:00 /assets/images/gal2.webp .......................... ~ 0s
  2023-06-04 00:15:00 /assets/images/gal5.webp .......................... ~ 0s
  2023-06-04 00:15:00 /assets/images/gal6.webp .......................... ~ 0s
  2023-06-04 00:15:00 /assets/images/icon-192x192.png ................... ~ 0s
  2023-06-04 00:15:01 /assets/images/icon-192x192.png ................... ~ 0s
  2023-06-04 00:15:59 ................................................... ~ 0s
  2023-06-04 00:16:00 /css/app.css ...................................... ~ 0s
  2023-06-04 00:16:00 /js/app.js ........................................ ~ 0s
  2023-06-04 00:16:00 /assets/images/cowo.webp .......................... ~ 0s
  2023-06-04 00:16:00 /assets/images/cewe.webp .......................... ~ 0s
  2023-06-04 00:16:00 /assets/images/bg.webp ............................ ~ 0s
  2023-06-04 00:16:00 /assets/images/gal2.webp .......................... ~ 0s
  2023-06-04 00:16:00 /assets/images/gal4.webp .......................... ~ 0s
  2023-06-04 00:16:00 /assets/images/gal1.webp .......................... ~ 0s
  2023-06-04 00:16:00 /assets/images/gal5.webp .......................... ~ 0s
  2023-06-04 00:16:00 /assets/images/gal6.webp .......................... ~ 0s
  2023-06-04 00:16:00 /assets/images/icon-192x192.png ................... ~ 0s
  2023-06-04 00:16:00 /assets/images/gal3.webp .......................... ~ 0s
  2023-06-04 00:16:03 /assets/music/sound.mp3 ........................... ~ 0s
  2023-06-04 00:16:03 /assets/images/icon-192x192.png ................... ~ 0s
  2023-06-04 00:42:27 .................................................. ~ 33s
  2023-06-04 00:42:27 .................................................. ~ 33s
  2023-06-04 05:35:42 ................................................... ~ 0s
  2023-06-04 05:36:51 ................................................... ~ 1s
  2023-06-04 05:36:51 /css/app.css ...................................... ~ 2s
  2023-06-04 05:36:53 /assets/images/cowo.webp .......................... ~ 0s
  2023-06-04 05:36:53 /assets/images/cewe.webp .......................... ~ 0s
  2023-06-04 05:36:53 /assets/images/bg.webp ............................ ~ 1s
  2023-06-04 05:36:53 /assets/images/gal2.webp .......................... ~ 8s
  2023-06-04 05:36:53 /assets/images/gal1.webp .......................... ~ 9s
  2023-06-04 05:36:57 /assets/images/gal6.webp .......................... ~ 5s
  2023-06-04 05:36:54 /assets/images/gal4.webp .......................... ~ 9s
  2023-06-04 05:36:54 /assets/images/gal5.webp ......................... ~ 10s
  2023-06-04 05:36:53 /assets/images/gal3.webp ......................... ~ 12s
  2023-06-04 05:37:06 /assets/images/icon-192x192.png ................... ~ 0s
  2023-06-04 05:37:06 .................................................. ~ 28s
  2023-06-04 05:37:34 /css/app.css ...................................... ~ 0s
  2023-06-04 05:37:35 /assets/images/cowo.webp .......................... ~ 0s
  2023-06-04 05:37:35 /assets/images/cewe.webp .......................... ~ 0s
  2023-06-04 05:37:34 /assets/images/bg.webp ............................ ~ 2s
  2023-06-04 05:37:35 /assets/images/gal2.webp .......................... ~ 5s
  2023-06-04 05:37:35 /assets/images/gal4.webp .......................... ~ 6s
  2023-06-04 05:37:35 /assets/images/gal3.webp .......................... ~ 9s
  2023-06-04 05:37:35 /assets/images/gal5.webp ......................... ~ 10s
  2023-06-04 05:37:40 /assets/images/gal6.webp .......................... ~ 5s
  2023-06-04 05:37:35 /assets/images/gal1.webp ......................... ~ 13s
  2023-06-04 05:37:49 .................................................. ~ 48s
  2023-06-04 05:37:49 /css/app.css ..................................... ~ 48s
  2023-06-04 05:38:37 /assets/images/cowo.webp .......................... ~ 0s
  2023-06-04 05:38:37 /assets/images/cewe.webp .......................... ~ 0s
  2023-06-04 05:38:37 /assets/images/bg.webp ............................ ~ 4s
  2023-06-04 05:38:37 /assets/images/gal2.webp .......................... ~ 7s
  2023-06-04 05:38:37 /assets/images/gal3.webp .......................... ~ 9s
  2023-06-04 05:38:41 /assets/images/gal4.webp .......................... ~ 5s
  2023-06-04 05:38:41 /assets/images/gal5.webp .......................... ~ 9s
  2023-06-04 05:38:50 /assets/images/gal6.webp .......................... ~ 2s
  2023-06-04 05:38:37 /assets/images/gal1.webp ......................... ~ 16s
  2023-06-04 06:02:21 ................................................... ~ 0s
  2023-06-04 06:02:25 /css/app.css ...................................... ~ 0s
  2023-06-04 06:02:25 /js/app.js ........................................ ~ 4s
  2023-06-04 06:02:29 /assets/images/cowo.webp .......................... ~ 0s
  2023-06-04 06:02:29 /assets/images/cewe.webp .......................... ~ 1s
  2023-06-04 06:02:30 /assets/images/gal3.webp .......................... ~ 9s
  2023-06-04 06:02:29 /assets/images/bg.webp ........................... ~ 11s
  2023-06-04 06:02:38 /assets/images/gal4.webp .......................... ~ 5s
  2023-06-04 06:02:40 /assets/images/gal5.webp .......................... ~ 4s
  2023-06-04 06:02:30 /assets/images/gal1.webp ......................... ~ 17s
  2023-06-04 06:02:43 /assets/images/gal6.webp .......................... ~ 5s
  2023-06-04 06:02:29 /assets/images/gal2.webp ......................... ~ 22s
  2023-06-04 06:02:55 /assets/images/icon-192x192.png ................... ~ 0s
  2023-06-04 06:25:02 ................................................... ~ 0s
  2023-06-04 06:25:03 ................................................... ~ 0s
  2023-06-04 06:25:05 ................................................... ~ 0s
  2023-06-04 06:47:45 ................................................... ~ 0s
  2023-06-04 06:47:45 /css/app.css ...................................... ~ 0s
  2023-06-04 06:47:45 /js/app.js ........................................ ~ 0s
  2023-06-04 06:47:45 /assets/images/cowo.webp .......................... ~ 0s
  2023-06-04 06:47:45 /assets/images/cewe.webp .......................... ~ 0s
  2023-06-04 06:47:45 /assets/images/bg.webp ............................ ~ 0s
  2023-06-04 06:47:45 /assets/images/gal2.webp .......................... ~ 1s
  2023-06-04 06:47:45 /assets/images/gal1.webp .......................... ~ 1s
  2023-06-04 06:47:45 /assets/images/gal3.webp .......................... ~ 1s
  2023-06-04 06:47:46 /assets/images/gal4.webp .......................... ~ 0s
  2023-06-04 06:47:46 /assets/images/gal5.webp .......................... ~ 0s
  2023-06-04 06:47:46 ................................................... ~ 0s
  2023-06-04 06:47:46 /css/app.css ...................................... ~ 0s
  2023-06-04 06:47:46 /js/app.js ........................................ ~ 0s
  2023-06-04 06:47:46 /assets/images/cowo.webp .......................... ~ 0s
  2023-06-04 06:47:46 /assets/images/cewe.webp .......................... ~ 0s
  2023-06-04 06:47:46 /assets/images/bg.webp ............................ ~ 1s
  2023-06-04 06:47:47 /assets/images/gal5.webp .......................... ~ 0s
  2023-06-04 06:47:46 /assets/images/gal2.webp .......................... ~ 2s
  2023-06-04 06:47:47 /assets/images/gal6.webp .......................... ~ 1s
  2023-06-04 06:47:46 /assets/images/gal1.webp .......................... ~ 2s
  2023-06-04 06:47:47 /assets/images/gal4.webp .......................... ~ 2s
  2023-06-04 06:47:46 /assets/images/gal3.webp .......................... ~ 3s
  2023-06-04 06:47:50 /assets/music/sound.mp3 ........................... ~ 3s
  2023-06-04 06:47:50 .................................................. ~ 41s
  2023-06-04 06:48:31 /css/app.css ...................................... ~ 0s
  2023-06-04 06:48:31 /js/app.js ........................................ ~ 0s
  2023-06-04 06:48:31 /assets/images/cowo.webp .......................... ~ 0s
  2023-06-04 06:48:31 /assets/images/cewe.webp .......................... ~ 0s
  2023-06-04 06:48:31 /assets/images/bg.webp ............................ ~ 0s
  2023-06-04 06:48:31 /assets/images/gal4.webp .......................... ~ 1s
  2023-06-04 06:48:31 /assets/images/gal5.webp .......................... ~ 1s
  2023-06-04 06:48:31 /assets/images/gal3.webp .......................... ~ 1s
  2023-06-04 06:48:32 /assets/images/gal6.webp .......................... ~ 0s
  2023-06-04 06:48:31 /assets/images/gal2.webp .......................... ~ 1s
  2023-06-04 06:48:31 /assets/images/gal1.webp .......................... ~ 2s
  2023-06-04 06:48:33 /assets/images/icon-192x192.png ................... ~ 0s
  2023-06-04 06:48:33 /assets/music/sound.mp3 ........................... ~ 3s
  2023-06-04 06:49:10 .................................................. ~ 32s
  2023-06-04 09:12:47 ................................................... ~ 0s
  2023-06-04 09:12:47 /css/app.css ...................................... ~ 1s
  2023-06-04 09:12:49 /js/app.js ........................................ ~ 0s
  2023-06-04 09:12:49 /assets/images/cowo.webp .......................... ~ 0s
  2023-06-04 09:12:49 /assets/images/cewe.webp .......................... ~ 0s
  2023-06-04 09:12:49 /assets/images/bg.webp ............................ ~ 0s
  2023-06-04 09:12:49 /assets/images/gal2.webp .......................... ~ 6s
  2023-06-04 09:12:52 /assets/images/gal6.webp .......................... ~ 4s
  2023-06-04 09:12:49 /assets/images/gal4.webp .......................... ~ 8s
  2023-06-04 09:12:49 /assets/images/gal5.webp ......................... ~ 11s
  2023-06-04 09:12:49 /assets/images/gal1.webp ......................... ~ 12s
  2023-06-04 09:12:49 /assets/images/gal3.webp ......................... ~ 13s
  2023-06-04 09:13:03 /assets/images/icon-192x192.png ................... ~ 0s
  2023-06-04 09:13:03 /assets/music/sound.mp3 .......................... ~ 20s
  2023-06-04 09:14:02 .................................................. ~ 60s
  2023-06-04 09:14:02 .................................................. ~ 60s
  2023-06-04 09:15:03 .................................................. ~ 15s
  2023-06-04 09:15:03 .................................................. ~ 15s
  2023-06-04 09:16:03 .................................................. ~ 15s
  2023-06-04 09:16:03 .................................................. ~ 15s
  2023-06-04 09:17:03 .................................................. ~ 15s
  2023-06-04 09:17:03 .................................................. ~ 15s
  2023-06-04 09:17:45 ................................................. ~ 118s
  2023-06-04 09:39:53 ................................................... ~ 0s
  2023-06-04 09:40:23 /assets/images/icon-192x192.png ................... ~ 0s
  2023-06-04 09:55:51 ................................................... ~ 0s
  2023-06-04 09:55:52 /css/app.css ...................................... ~ 0s
  2023-06-04 09:55:52 /assets/images/cowo.webp .......................... ~ 0s
  2023-06-04 09:55:52 /js/app.js ........................................ ~ 0s
  2023-06-04 09:55:52 /assets/images/bg.webp ............................ ~ 0s
  2023-06-04 09:55:52 /assets/images/cewe.webp .......................... ~ 0s
  2023-06-04 09:55:53 ................................................... ~ 0s
  2023-06-04 09:55:52 /assets/images/gal1.webp .......................... ~ 1s
  2023-06-04 09:55:53 /css/app.css ...................................... ~ 0s
  2023-06-04 09:55:53 /js/app.js ........................................ ~ 0s
  2023-06-04 09:55:53 /assets/images/cowo.webp .......................... ~ 0s
  2023-06-04 09:55:53 /assets/images/cewe.webp .......................... ~ 0s
  2023-06-04 09:55:53 /assets/images/bg.webp ............................ ~ 2s
  2023-06-04 09:55:53 /assets/images/gal1.webp .......................... ~ 6s
  2023-06-04 09:55:56 /assets/images/gal6.webp .......................... ~ 4s
  2023-06-04 09:55:53 /assets/images/gal2.webp .......................... ~ 8s
  2023-06-04 09:55:54 /assets/images/gal4.webp .......................... ~ 8s
  2023-06-04 09:55:54 /assets/images/gal3.webp .......................... ~ 8s
  2023-06-04 09:55:55 /assets/images/gal5.webp .......................... ~ 7s
  2023-06-04 10:31:39 ................................................... ~ 1s
  2023-06-04 10:31:40 /css/app.css ...................................... ~ 0s
  2023-06-04 10:31:40 /assets/images/cowo.webp .......................... ~ 0s
  2023-06-04 10:31:40 /assets/images/cewe.webp .......................... ~ 0s
  2023-06-04 10:31:40 /assets/images/bg.webp ............................ ~ 2s
  2023-06-04 10:31:41 /assets/images/gal4.webp .......................... ~ 4s
  2023-06-04 10:31:40 /assets/images/gal2.webp .......................... ~ 6s
  2023-06-04 10:31:41 /assets/images/gal5.webp .......................... ~ 8s
  2023-06-04 10:31:44 /assets/images/gal6.webp .......................... ~ 6s
  2023-06-04 10:31:40 /assets/images/gal3.webp ......................... ~ 13s
  2023-06-04 10:31:40 /assets/images/gal1.webp ......................... ~ 13s
  2023-06-04 10:31:55 .................................................. ~ 69s
  2023-06-04 10:31:55 .................................................. ~ 69s
  2023-06-04 10:35:51 ................................................... ~ 0s
  2023-06-04 10:35:51 /css/app.css ...................................... ~ 0s
  2023-06-04 10:35:51 /assets/images/cowo.webp .......................... ~ 0s
  2023-06-04 10:35:51 /assets/images/cewe.webp .......................... ~ 0s
  2023-06-04 10:35:51 /assets/images/bg.webp ............................ ~ 3s
  2023-06-04 10:35:52 /assets/images/gal4.webp .......................... ~ 3s
  2023-06-04 10:35:52 /assets/images/gal5.webp .......................... ~ 7s
  2023-06-04 10:35:51 /assets/images/gal2.webp .......................... ~ 9s
  2023-06-04 10:35:51 /assets/images/gal3.webp .......................... ~ 9s
  2023-06-04 10:35:57 /assets/images/gal6.webp .......................... ~ 4s
  2023-06-04 10:35:51 /assets/images/gal1.webp ......................... ~ 17s
  2023-06-04 10:36:08 .................................................. ~ 21s
  2023-06-04 10:36:08 /css/app.css ..................................... ~ 21s
  2023-06-04 10:36:29 /assets/images/cowo.webp .......................... ~ 0s
  2023-06-04 10:36:29 /assets/images/cewe.webp .......................... ~ 0s
  2023-06-04 10:36:29 /assets/images/bg.webp ............................ ~ 2s
  2023-06-04 10:36:30 /assets/images/gal4.webp .......................... ~ 6s
  2023-06-04 10:36:30 /assets/images/gal5.webp .......................... ~ 6s
  2023-06-04 10:36:33 /assets/images/gal6.webp .......................... ~ 3s
  2023-06-04 10:36:29 /assets/images/gal2.webp .......................... ~ 7s
  2023-06-04 10:36:29 /assets/images/gal1.webp .......................... ~ 7s
  2023-06-04 10:36:29 /assets/images/gal3.webp .......................... ~ 7s
   WARN  45.79.181.104:20078 Invalid request (Unsupported SSL request).  

  2023-06-04 11:46:23 ................................................... ~ 0s
   WARN  45.79.168.172:54764 Invalid request (Connection reset by peer).  

  2023-06-04 12:01:58 .................................................. ~ 18s
  2023-06-04 12:02:18 ................................................... ~ 0s
